Using pre-set license
Built from '2020.3/release' branch; Version is '2020.3.12f1 (b3b2c6512326) revision 11776710'; Using compiler version '192528614'; Build Type 'Release'
OS: 'Windows 10 Home; OS build 19042.1288; Version 2009; 64bit' Language: 'es' Physical Memory: 8138 MB
BatchMode: 1, IsHumanControllingUs: 0, StartBugReporterOnCrash: 0, Is64bit: 1, IsPro: 0

 COMMAND LINE ARGUMENTS:
C:\Program Files\Unity\Hub\Editor\2020.3.12f1\Editor\Unity.exe
-adb2
-batchMode
-noUpm
-name
AssetImportWorker0
-projectPath
C:/Users/toni-/Desktop/open-project-1-main/GIMME DA HONEY
-logFile
Logs/AssetImportWorker0.log
-srvPort
56823
Successfully changed project path to: C:/Users/toni-/Desktop/open-project-1-main/GIMME DA HONEY
C:/Users/toni-/Desktop/open-project-1-main/GIMME DA HONEY
Using Asset Import Pipeline V2.
Refreshing native plugins compatible for Editor in 62.77 ms, found 2 plugins.
Preloading 0 native plugins for Editor in 0.00 ms.
Initialize engine version: 2020.3.12f1 (b3b2c6512326)
[Subsystems] Discovering subsystems at path C:/Program Files/Unity/Hub/Editor/2020.3.12f1/Editor/Data/Resources/UnitySubsystems
[Subsystems] Discovering subsystems at path C:/Users/toni-/Desktop/open-project-1-main/GIMME DA HONEY/Assets
GfxDevice: creating device client; threaded=0
Direct3D:
    Version:  Direct3D 11.0 [level 11.1]
    Renderer: Radeon RX 570 Series (ID=0x67df)
    Vendor:   
    VRAM:     4076 MB
    Driver:   26.20.15019.19000
Shader 'Universal Render Pipeline/Particles/Lit': fallback shader 'Universal Render Pipeline/Particles/SimpleLit' not found
Initialize mono
Mono path[0] = 'C:/Program Files/Unity/Hub/Editor/2020.3.12f1/Editor/Data/Managed'
Mono path[1] = 'C:/Program Files/Unity/Hub/Editor/2020.3.12f1/Editor/Data/MonoBleedingEdge/lib/mono/unityjit'
Mono config path = 'C:/Program Files/Unity/Hub/Editor/2020.3.12f1/Editor/Data/MonoBleedingEdge/etc'
Using monoOptions --debugger-agent=transport=dt_socket,embedding=1,server=y,suspend=n,address=127.0.0.1:56908
Begin MonoManager ReloadAssembly
Registering precompiled unity dll's ...
Register platform support module: C:/Program Files/Unity/Hub/Editor/2020.3.12f1/Editor/Data/PlaybackEngines/MacStandaloneSupport/UnityEditor.OSXStandalone.Extensions.dll
Register platform support module: C:/Program Files/Unity/Hub/Editor/2020.3.12f1/Editor/Data/PlaybackEngines/WindowsStandaloneSupport/UnityEditor.WindowsStandalone.Extensions.dll
Register platform support module: C:/Program Files/Unity/Hub/Editor/2020.3.12f1/Editor/Data/PlaybackEngines/LinuxStandaloneSupport/UnityEditor.LinuxStandalone.Extensions.dll
Registered in 0.003126 seconds.
Native extension for LinuxStandalone target not found
Native extension for WindowsStandalone target not found
Native extension for OSXStandalone target not found
Refreshing native plugins compatible for Editor in 57.23 ms, found 2 plugins.
Preloading 0 native plugins for Editor in 0.00 ms.
Mono: successfully reloaded assembly
- Completed reload, in  1.979 seconds
Platform modules already initialized, skipping
Registering precompiled user dll's ...
Registered in 0.005413 seconds.
Begin MonoManager ReloadAssembly
Native extension for LinuxStandalone target not found
Native extension for WindowsStandalone target not found
Native extension for OSXStandalone target not found
Refreshing native plugins compatible for Editor in 61.59 ms, found 2 plugins.
Preloading 0 native plugins for Editor in 0.00 ms.
Mono: successfully reloaded assembly
- Completed reload, in  1.190 seconds
Platform modules already initialized, skipping
========================================================================
Worker process is ready to serve import requests
Shader 'Universal Render Pipeline/Particles/Lit': fallback shader 'Universal Render Pipeline/Particles/SimpleLit' not found
Launched and connected shader compiler UnityShaderCompiler.exe after 0.05 seconds
Refreshing native plugins compatible for Editor in 0.60 ms, found 2 plugins.
Preloading 0 native plugins for Editor in 0.00 ms.
Unloading 2870 Unused Serialized files (Serialized files now loaded: 0)
System memory in use before: 208.2 MB.
System memory in use after: 208.4 MB.

Unloading 20 unused Assets to reduce memory usage. Loaded Objects now: 3316.
Total: 2.534200 ms (FindLiveObjects: 0.275600 ms CreateObjectMapping: 0.140800 ms MarkObjects: 2.005100 ms  DeleteObjects: 0.111600 ms)

AssetImportParameters requested are different than current active one (requested -> active):
  custom:framework-win-MediaFoundation: 216162199b28c13a410421893ffa2e32 -> 
  custom:video-decoder-ogg-theora: a1e56fd34408186e4bbccfd4996cb3dc -> 
  custom:container-muxer-webm: aa71ff27fc2769a1b78a27578f13a17b -> 
  custom:container-demuxer-webm: 4f35f7cbe854078d1ac9338744f61a02 -> 
  custom:container-demuxer-ogg: 62fdf1f143b41e24485cea50d1cbac27 -> 
  custom:video-encoder-webm-vp8: eb34c28f22e8b96e1ab97ce403110664 -> 
  custom:video-decoder-webm-vp8: 9c59270c3fd7afecdb556c50c9e8de78 -> 
  custom:audio-decoder-ogg-vorbis: bf7c407c2cedff20999df2af8eb42d56 -> 
  custom:audio-encoder-webm-vorbis: bf7c407c2cedff20999df2af8eb42d56 -> 
========================================================================
Received Import Request.
  path: Assets/Fonts/BubbleShine.ttf
  artifactKey: Guid(159705bbc4886cd499b1bb2266300555) Importer(815301076,1909f56bfc062723c751e8b465ee728b)
Start importing Assets/Fonts/BubbleShine.ttf using Guid(159705bbc4886cd499b1bb2266300555) Importer(815301076,1909f56bfc062723c751e8b465ee728b)  -> (artifact id: 'ad800a937b7ec9991f36b465242bac01') in 0.293641 seconds 
  Import took 0.300864 seconds .

========================================================================
Received Import Request.
  Time since last request: 0.000664 seconds.
  path: Assets/Fonts/HoneyCute.otf
  artifactKey: Guid(64eccb916afb5c042a1e211aa9274dd6) Importer(815301076,1909f56bfc062723c751e8b465ee728b)
Start importing Assets/Fonts/HoneyCute.otf using Guid(64eccb916afb5c042a1e211aa9274dd6) Importer(815301076,1909f56bfc062723c751e8b465ee728b)  -> (artifact id: 'b8471cf020e8f55c6dbbc0b37a4d06b9') in 0.026605 seconds 
  Import took 0.032169 seconds .

========================================================================
Received Import Request.
  Time since last request: 0.000286 seconds.
  path: Assets/Fonts/BunnyFunny.ttf
  artifactKey: Guid(d0e251fecdc30f24ab28e72238f18b26) Importer(815301076,1909f56bfc062723c751e8b465ee728b)
Start importing Assets/Fonts/BunnyFunny.ttf using Guid(d0e251fecdc30f24ab28e72238f18b26) Importer(815301076,1909f56bfc062723c751e8b465ee728b)  -> (artifact id: 'df9ea12066d500fbbe4c6b6a7b8bdf0d') in 0.025457 seconds 
  Import took 0.031614 seconds .

========================================================================
Received Import Request.
  Time since last request: 0.000227 seconds.
  path: Assets/Fonts/Fresh Lychee.ttf
  artifactKey: Guid(5a05f4601dc0a2b4f9ebd36e85c3a5a7) Importer(815301076,1909f56bfc062723c751e8b465ee728b)
Start importing Assets/Fonts/Fresh Lychee.ttf using Guid(5a05f4601dc0a2b4f9ebd36e85c3a5a7) Importer(815301076,1909f56bfc062723c751e8b465ee728b)  -> (artifact id: 'b4658d06270b1628b7e9bef08a93172d') in 0.025008 seconds 
  Import took 0.030782 seconds .

========================================================================
Received Import Request.
  Time since last request: 0.000176 seconds.
  path: Assets/Fonts/Sunday Morning.ttf
  artifactKey: Guid(d69029ccd7ca6f04aaaf78d178a7e4e9) Importer(815301076,1909f56bfc062723c751e8b465ee728b)
Start importing Assets/Fonts/Sunday Morning.ttf using Guid(d69029ccd7ca6f04aaaf78d178a7e4e9) Importer(815301076,1909f56bfc062723c751e8b465ee728b)  -> (artifact id: '78c1df9ddd76c30c8406160a46dfdc59') in 0.027396 seconds 
  Import took 0.034046 seconds .

========================================================================
Received Import Request.
  Time since last request: 0.000187 seconds.
  path: Assets/Fonts/TfFancy.ttf
  artifactKey: Guid(5db665573aee2bb438e1dafe5b0c1c9f) Importer(815301076,1909f56bfc062723c751e8b465ee728b)
Start importing Assets/Fonts/TfFancy.ttf using Guid(5db665573aee2bb438e1dafe5b0c1c9f) Importer(815301076,1909f56bfc062723c751e8b465ee728b)  -> (artifact id: '475dd3edf657b1ff3017649d5a9be2de') in 0.025135 seconds 
  Import took 0.031108 seconds .

========================================================================
Received Import Request.
  Time since last request: 0.000177 seconds.
  path: Assets/Fonts/Jellybost.ttf
  artifactKey: Guid(b9d81a88da4f71247942563b76d8ea7d) Importer(815301076,1909f56bfc062723c751e8b465ee728b)
Start importing Assets/Fonts/Jellybost.ttf using Guid(b9d81a88da4f71247942563b76d8ea7d) Importer(815301076,1909f56bfc062723c751e8b465ee728b)  -> (artifact id: 'fd4152f5763b2ca31b33029f6e1b7b2a') in 0.025106 seconds 
  Import took 0.031036 seconds .

========================================================================
Received Prepare
Registering precompiled user dll's ...
Registered in 0.007494 seconds.
Begin MonoManager ReloadAssembly
Native extension for LinuxStandalone target not found
Native extension for WindowsStandalone target not found
Native extension for OSXStandalone target not found
Refreshing native plugins compatible for Editor in 1.03 ms, found 2 plugins.
Preloading 0 native plugins for Editor in 0.00 ms.
Mono: successfully reloaded assembly
- Completed reload, in  1.799 seconds
Platform modules already initialized, skipping
Shader 'Universal Render Pipeline/Particles/Lit': fallback shader 'Universal Render Pipeline/Particles/SimpleLit' not found
Refreshing native plugins compatible for Editor in 0.62 ms, found 2 plugins.
Preloading 0 native plugins for Editor in 0.00 ms.
Unloading 2752 Unused Serialized files (Serialized files now loaded: 0)
System memory in use before: 205.7 MB.
System memory in use after: 205.9 MB.

Unloading 15 unused Assets to reduce memory usage. Loaded Objects now: 3401.
Total: 2.420700 ms (FindLiveObjects: 0.272400 ms CreateObjectMapping: 0.132000 ms MarkObjects: 1.943600 ms  DeleteObjects: 0.071800 ms)

AssetImportParameters requested are different than current active one (requested -> active):
  custom:framework-win-MediaFoundation: 216162199b28c13a410421893ffa2e32 -> 
  custom:video-decoder-ogg-theora: a1e56fd34408186e4bbccfd4996cb3dc -> 
  custom:container-muxer-webm: aa71ff27fc2769a1b78a27578f13a17b -> 
  custom:container-demuxer-webm: 4f35f7cbe854078d1ac9338744f61a02 -> 
  custom:container-demuxer-ogg: 62fdf1f143b41e24485cea50d1cbac27 -> 
  custom:video-encoder-webm-vp8: eb34c28f22e8b96e1ab97ce403110664 -> 
  custom:video-decoder-webm-vp8: 9c59270c3fd7afecdb556c50c9e8de78 -> 
  custom:audio-decoder-ogg-vorbis: bf7c407c2cedff20999df2af8eb42d56 -> 
  custom:audio-encoder-webm-vorbis: bf7c407c2cedff20999df2af8eb42d56 -> 
AssetImportWorkerClient::OnTransportError - code=2 error=End of file
